[debug] [2020-10-21T22:00:15.145Z] ----------------------------------------------------------------------
[debug] [2020-10-21T22:00:15.148Z] Command:       D:\Nodes\node.exe C:\Users\gerar\AppData\Roaming\npm\node_modules\firebase-tools\lib\bin\firebase.js remoteconfig:versions:list
[debug] [2020-10-21T22:00:15.148Z] CLI Version:   8.13.1
[debug] [2020-10-21T22:00:15.148Z] Platform:      win32
[debug] [2020-10-21T22:00:15.148Z] Node Version:  v12.18.3
[debug] [2020-10-21T22:00:15.150Z] Time:          Wed Oct 21 2020 16:00:15 GMT-0600 (GMT-06:00)
[debug] [2020-10-21T22:00:15.150Z] ----------------------------------------------------------------------
[debug] [2020-10-21T22:00:15.150Z] 
[debug] [2020-10-21T22:00:15.160Z] > command requires scopes: ["email","openid","https://www.googleapis.com/auth/cloudplatformprojects.readonly","https://www.googleapis.com/auth/firebase","https://www.googleapis.com/auth/cloud-platform"]
[debug] [2020-10-21T22:00:15.160Z] > authorizing via signed-in user
[debug] [2020-10-21T22:00:15.163Z] > command requires scopes: ["email","openid","https://www.googleapis.com/auth/cloudplatformprojects.readonly","https://www.googleapis.com/auth/firebase","https://www.googleapis.com/auth/cloud-platform"]
[debug] [2020-10-21T22:00:15.164Z] > authorizing via signed-in user
[debug] [2020-10-21T22:00:15.164Z] [iam] checking project veterinariaproyecto-4c0da for permissions ["cloudconfig.configs.get","firebase.projects.get"]
[debug] [2020-10-21T22:00:15.168Z] >>> HTTP REQUEST POST https://cloudresourcemanager.googleapis.com/v1/projects/veterinariaproyecto-4c0da:testIamPermissions  
 {"permissions":["cloudconfig.configs.get","firebase.projects.get"]}
[debug] [2020-10-21T22:00:15.528Z] <<< HTTP RESPONSE 200 {"content-type":"application/json; charset=UTF-8","vary":"X-Origin, Referer, Origin,Accept-Encoding","date":"Wed, 21 Oct 2020 22:00:18 GMT","server":"ESF","cache-control":"private","x-xss-protection":"0","x-frame-options":"SAMEORIGIN","x-content-type-options":"nosniff","server-timing":"gfet4t7; dur=152","alt-svc":"h3-Q050=\":443\"; ma=2592000,h3-29=\":443\"; ma=2592000,h3-T051=\":443\"; ma=2592000,h3-T050=\":443\"; ma=2592000,h3-Q046=\":443\"; ma=2592000,h3-Q043=\":443\"; ma=2592000,quic=\":443\"; ma=2592000; v=\"46,43\"","accept-ranges":"none","transfer-encoding":"chunked"}
[debug] [2020-10-21T22:00:15.531Z] >>> HTTP REQUEST GET https://firebaseremoteconfig.googleapis.com/v1/projects/veterinariaproyecto-4c0da/remoteConfig:listVersions?pageSize=10  
 
[debug] [2020-10-21T22:00:16.090Z] <<< HTTP RESPONSE 200 {"content-type":"application/json; charset=UTF-8","vary":"X-Origin, Referer, Origin,Accept-Encoding","date":"Wed, 21 Oct 2020 22:00:18 GMT","server":"ESF","cache-control":"private","x-xss-protection":"0","x-frame-options":"SAMEORIGIN","x-content-type-options":"nosniff","alt-svc":"h3-Q050=\":443\"; ma=2592000,h3-29=\":443\"; ma=2592000,h3-27=\":443\"; ma=2592000,h3-T051=\":443\"; ma=2592000,h3-T050=\":443\"; ma=2592000,h3-Q046=\":443\"; ma=2592000,h3-Q043=\":443\"; ma=2592000,quic=\":443\"; ma=2592000; v=\"46,43\"","accept-ranges":"none","transfer-encoding":"chunked"}
[debug] [2020-10-21T22:00:16.092Z] TypeError: Cannot read property 'length' of undefined
    at C:\Users\gerar\AppData\Roaming\npm\node_modules\firebase-tools\lib\commands\remoteconfig-versions-list.js:32:53
    at Generator.next (<anonymous>)
    at fulfilled (C:\Users\gerar\AppData\Roaming\npm\node_modules\firebase-tools\lib\commands\remoteconfig-versions-list.js:5:58)
    at processTicksAndRejections (internal/process/task_queues.js:97:5)
[error] 
[error] Error: An unexpected error has occurred.
